0001_0013_0022_0024_0024.jpg 1 13 22 24 24
0002_0020_0031_0040_0040.jpg 1 20 31 40 40
0003_0028_0008_0034_0034.jpg 1 28 8 34 34
0004_0028_0015_0032_0032.jpg 1 28 15 32 32
0005_0033_0043_0049_0049.jpg 1 33 43 49 49
0006_0009_0053_0038_0038.jpg 1 9 53 38 38
0007_0029_0030_0037_0037.jpg 1 29 30 37 37
0008_0019_0044_0050_0050.jpg 1 19 44 50 50
0009_0041_0021_0052_0052.jpg 1 41 21 52 52
0010_0022_0014_0065_0065.jpg 1 22 14 65 65
0011_0005_0012_0069_0069.jpg 1 5 12 69 69
0012_0049_0031_0025_0025.jpg 1 49 31 25 25
0013_0033_0016_0036_0036.jpg 1 33 16 36 36
0014_0028_0018_0057_0057.jpg 1 28 18 57 57
0015_0026_0020_0056_0056.jpg 1 26 20 56 56
0016_0021_0042_0049_0049.jpg 1 21 42 49 49
0017_0023_0044_0038_0038.jpg 1 23 44 38 38
0018_0021_0027_0058_0058.jpg 1 21 27 58 58
0019_0030_0027_0036_0036.jpg 1 30 27 36 36
0020_0031_0009_0059_0059.jpg 1 31 9 59 59
0021_0022_0022_0054_0054.jpg 1 22 22 54 54
0022_0058_0041_0033_0033.jpg 1 58 41 33 33
0023_0013_0014_0067_0067.jpg 1 13 14 67 67
0024_0043_0030_0024_0024.jpg 1 43 30 24 24
0025_0003_0016_0067_0067.jpg 1 3 16 67 67
0026_0007_0027_0053_0053.jpg 1 7 27 53 53
0027_0007_0031_0060_0060.jpg 1 7 31 60 60
0028_0061_0042_0028_0028.jpg 1 61 42 28 28
0029_0026_0043_0032_0032.jpg 1 26 43 32 32
0030_0057_0056_0034_0034.jpg 1 57 56 34 34
0031_0045_0023_0040_0040.jpg 1 45 23 40 40
0032_0036_0018_0055_0055.jpg 1 36 18 55 55
0033_0022_0028_0043_0043.jpg 1 22 28 43 43
0034_0018_0023_0042_0042.jpg 1 18 23 42 42
0035_0011_0029_0061_0061.jpg 1 11 29 61 61
0036_0046_0038_0035_0035.jpg 1 46 38 35 35
0037_0032_0027_0046_0046.jpg 1 32 27 46 46
0038_0023_0019_0061_0061.jpg 1 23 19 61 61
0039_0032_0005_0063_0063.jpg 1 32 5 63 63
0040_0031_0017_0063_0063.jpg 1 31 17 63 63
0041_0036_0035_0056_0056.jpg 1 36 35 56 56
0042_0012_0054_0029_0029.jpg 1 12 54 29 29
0043_0010_0036_0043_0043.jpg 1 10 36 43 43
0044_0039_0032_0039_0039.jpg 1 39 32 39 39
0045_0012_0010_0052_0052.jpg 1 12 10 52 52
0046_0029_0029_0042_0042.jpg 1 29 29 42 42
0047_0009_0012_0055_0055.jpg 1 9 12 55 55
0048_0012_0040_0049_0049.jpg 1 12 40 49 49
0049_0009_0019_0055_0055.jpg 1 9 19 55 55
0050_0026_0032_0057_0057.jpg 1 26 32 57 57
0051_0004_0017_0068_0068.jpg 1 4 17 68 68
0052_0028_0049_0029_0029.jpg 1 28 49 29 29
0053_0044_0031_0044_0044.jpg 1 44 31 44 44
0054_0006_0006_0060_0060.jpg 1 6 6 60 60
0055_0033_0028_0027_0027.jpg 1 33 28 27 27
0056_0026_0045_0031_0031.jpg 1 26 45 31 31
0057_0017_0042_0039_0039.jpg 1 17 42 39 39
0058_0035_0026_0048_0048.jpg 1 35 26 48 48
0059_0041_0022_0028_0028.jpg 1 41 22 28 28
0060_0006_0009_0053_0053.jpg 1 6 9 53 53
0061_0050_0051_0041_0041.jpg 1 50 51 41 41
0062_0029_0010_0062_0062.jpg 1 29 10 62 62
0063_0034_0043_0041_0041.jpg 1 34 43 41 41
0064_0026_0024_0045_0045.jpg 1 26 24 45 45
0065_0012_0025_0049_0049.jpg 1 12 25 49 49
0066_0015_0028_0058_0058.jpg 1 15 28 58 58
0067_0022_0020_0049_0049.jpg 1 22 20 49 49
0068_0051_0049_0029_0029.jpg 1 51 49 29 29
0069_0015_0025_0063_0063.jpg 1 15 25 63 63
0070_0037_0026_0050_0050.jpg 1 37 26 50 50
0071_0004_0019_0067_0067.jpg 1 4 19 67 67
0072_0035_0045_0048_0048.jpg 1 35 45 48 48
0073_0008_0013_0044_0044.jpg 1 8 13 44 44
0074_0034_0033_0062_0062.jpg 1 34 33 62 62
0075_0008_0025_0066_0066.jpg 1 8 25 66 66
0076_0038_0042_0051_0051.jpg 1 38 42 51 51
0077_0035_0029_0054_0054.jpg 1 35 29 54 54
0078_0049_0010_0037_0037.jpg 1 49 10 37 37
0079_0014_0011_0059_0059.jpg 1 14 11 59 59
0080_0067_0036_0024_0024.jpg 1 67 36 24 24
0081_0039_0028_0026_0026.jpg 1 39 28 26 26
0082_0019_0027_0062_0062.jpg 1 19 27 62 62
0083_0015_0026_0056_0056.jpg 1 15 26 56 56
0084_0062_0016_0025_0025.jpg 1 62 16 25 25
0085_0041_0021_0030_0030.jpg 1 41 21 30 30
0086_0014_0016_0054_0054.jpg 1 14 16 54 54
0087_0022_0053_0031_0031.jpg 1 22 53 31 31
0088_0014_0025_0038_0038.jpg 1 14 25 38 38
0089_0026_0029_0060_0060.jpg 1 26 29 60 60
0090_0040_0015_0048_0048.jpg 1 40 15 48 48
0091_0032_0014_0061_0061.jpg 1 32 14 61 61
0092_0027_0021_0064_0064.jpg 1 27 21 64 64
0093_0032_0051_0038_0038.jpg 1 32 51 38 38
0094_0047_0053_0033_0033.jpg 1 47 53 33 33
0095_0037_0007_0047_0047.jpg 1 37 7 47 47
0096_0052_0015_0026_0026.jpg 1 52 15 26 26
0097_0019_0010_0066_0066.jpg 1 19 10 66 66
0098_0010_0020_0034_0034.jpg 1 10 20 34 34
0099_0012_0006_0039_0039.jpg 1 12 6 39 39
0100_0024_0020_0066_0066.jpg 1 24 20 66 66
0101_0027_0030_0065_0065.jpg 1 27 30 65 65
0102_0016_0007_0060_0060.jpg 1 16 7 60 60
0103_0027_0041_0026_0026.jpg 1 27 41 26 26
0104_0026_0028_0047_0047.jpg 1 26 28 47 47
0105_0011_0009_0065_0065.jpg 1 11 9 65 65
0106_0062_0035_0029_0029.jpg 1 62 35 29 29
0107_0026_0040_0054_0054.jpg 1 26 40 54 54
0108_0005_0016_0049_0049.jpg 1 5 16 49 49
0109_0010_0007_0039_0039.jpg 1 10 7 39 39
0110_0032_0023_0049_0049.jpg 1 32 23 49 49
0111_0009_0028_0061_0061.jpg 1 9 28 61 61
0112_0046_0043_0042_0042.jpg 1 46 43 42 42
0113_0028_0036_0048_0048.jpg 1 28 36 48 48
0114_0020_0013_0068_0068.jpg 1 20 13 68 68
0115_0005_0023_0059_0059.jpg 1 5 23 59 59
0116_0026_0030_0066_0066.jpg 1 26 30 66 66
0117_0017_0027_0066_0066.jpg 1 17 27 66 66
0118_0025_0014_0024_0024.jpg 1 25 14 24 24
0119_0031_0012_0050_0050.jpg 1 31 12 50 50
0120_0016_0020_0048_0048.jpg 1 16 20 48 48
0121_0028_0040_0040_0040.jpg 1 28 40 40 40
0122_0009_0023_0052_0052.jpg 1 9 23 52 52
0123_0008_0022_0067_0067.jpg 1 8 22 67 67
0124_0020_0028_0060_0060.jpg 1 20 28 60 60
0125_0021_0028_0063_0063.jpg 1 21 28 63 63
0126_0049_0039_0031_0031.jpg 1 49 39 31 31
0127_0017_0006_0059_0059.jpg 1 17 6 59 59
0128_0004_0024_0069_0069.jpg 1 4 24 69 69
0129_0021_0016_0048_0048.jpg 1 21 16 48 48
0130_0029_0027_0028_0028.jpg 1 29 27 28 28
0131_0047_0009_0037_0037.jpg 1 47 9 37 37
0132_0031_0012_0064_0064.jpg 1 31 12 64 64
0133_0042_0011_0040_0040.jpg 1 42 11 40 40
0134_0047_0022_0045_0045.jpg 1 47 22 45 45
0135_0024_0033_0042_0042.jpg 1 24 33 42 42
0136_0056_0039_0026_0026.jpg 1 56 39 26 26
0137_0030_0018_0045_0045.jpg 1 30 18 45 45
0138_0028_0026_0032_0032.jpg 1 28 26 32 32
0139_0010_0026_0054_0054.jpg 1 10 26 54 54
0140_0023_0027_0063_0063.jpg 1 23 27 63 63
0141_0009_0004_0054_0054.jpg 1 9 4 54 54
0142_0027_0042_0028_0028.jpg 1 27 42 28 28
0143_0048_0047_0035_0035.jpg 1 48 47 35 35
0144_0054_0018_0033_0033.jpg 1 54 18 33 33
0145_0015_0024_0040_0040.jpg 1 15 24 40 40
0146_0007_0014_0065_0065.jpg 1 7 14 65 65
0147_0037_0036_0029_0029.jpg 1 37 36 29 29
0148_0030_0033_0048_0048.jpg 1 30 33 48 48
0149_0005_0012_0055_0055.jpg 1 5 12 55 55
0150_0014_0042_0025_0025.jpg 1 14 42 25 25
0151_0049_0053_0029_0029.jpg 1 49 53 29 29
0152_0038_0007_0055_0055.jpg 1 38 7 55 55
0153_0039_0018_0035_0035.jpg 1 39 18 35 35
0154_0038_0066_0025_0025.jpg 1 38 66 25 25
0155_0048_0009_0042_0042.jpg 1 48 9 42 42
0156_0020_0036_0029_0029.jpg 1 20 36 29 29
0157_0053_0010_0032_0032.jpg 1 53 10 32 32
0158_0018_0045_0047_0047.jpg 1 18 45 47 47
0159_0054_0031_0038_0038.jpg 1 54 31 38 38
0160_0042_0008_0024_0024.jpg 1 42 8 24 24
0161_0033_0004_0057_0057.jpg 1 33 4 57 57
0162_0010_0042_0028_0028.jpg 1 10 42 28 28
0163_0035_0043_0034_0034.jpg 1 35 43 34 34
0164_0036_0036_0040_0040.jpg 1 36 36 40 40
0165_0041_0038_0044_0044.jpg 1 41 38 44 44
0166_0028_0007_0053_0053.jpg 1 28 7 53 53
0167_0027_0026_0038_0038.jpg 1 27 26 38 38
0168_0037_0039_0051_0051.jpg 1 37 39 51 51
0169_0024_0040_0039_0039.jpg 1 24 40 39 39
0170_0036_0056_0028_0028.jpg 1 36 56 28 28
0171_0008_0042_0041_0041.jpg 1 8 42 41 41
0172_0013_0029_0051_0051.jpg 1 13 29 51 51
0173_0016_0056_0026_0026.jpg 1 16 56 26 26
0174_0028_0041_0039_0039.jpg 1 28 41 39 39
0175_0041_0007_0037_0037.jpg 1 41 7 37 37
0176_0054_0045_0030_0030.jpg 1 54 45 30 30
0177_0059_0008_0027_0027.jpg 1 59 8 27 27
0178_0030_0020_0063_0063.jpg 1 30 20 63 63
0179_0025_0063_0026_0026.jpg 1 25 63 26 26
0180_0014_0032_0053_0053.jpg 1 14 32 53 53
0181_0027_0030_0061_0061.jpg 1 27 30 61 61
0182_0013_0017_0066_0066.jpg 1 13 17 66 66
0183_0026_0003_0069_0069.jpg 1 26 3 69 69
0184_0006_0017_0038_0038.jpg 1 6 17 38 38
0185_0056_0023_0029_0029.jpg 1 56 23 29 29
0186_0009_0060_0027_0027.jpg 1 9 60 27 27
0187_0024_0023_0058_0058.jpg 1 24 23 58 58
0188_0012_0034_0052_0052.jpg 1 12 34 52 52
0189_0009_0011_0046_0046.jpg 1 9 11 46 46
0190_0045_0006_0039_0039.jpg 1 45 6 39 39
0191_0006_0037_0056_0056.jpg 1 6 37 56 56
0192_0006_0023_0049_0049.jpg 1 6 23 49 49
0193_0023_0056_0035_0035.jpg 1 23 56 35 35
0194_0028_0050_0043_0043.jpg 1 28 50 43 43
0195_0031_0009_0059_0059.jpg 1 31 9 59 59
0196_0011_0012_0045_0045.jpg 1 11 12 45 45
0197_0028_0005_0054_0054.jpg 1 28 5 54 54
0198_0047_0047_0031_0031.jpg 1 47 47 31 31
0199_0024_0046_0042_0042.jpg 1 24 46 42 42
0200_0021_0023_0036_0036.jpg 1 21 23 36 36
0201_0025_0022_0061_0061.jpg 1 25 22 61 61
0202_0029_0034_0062_0062.jpg 1 29 34 62 62
0203_0042_0026_0052_0052.jpg 1 42 26 52 52
0204_0013_0038_0041_0041.jpg 1 13 38 41 41
0205_0018_0030_0059_0059.jpg 1 18 30 59 59
0206_0004_0023_0058_0058.jpg 1 4 23 58 58
0207_0031_0014_0061_0061.jpg 1 31 14 61 61
0208_0064_0038_0028_0028.jpg 1 64 38 28 28
0209_0042_0010_0050_0050.jpg 1 42 10 50 50
0210_0011_0032_0058_0058.jpg 1 11 32 58 58
0211_0014_0008_0067_0067.jpg 1 14 8 67 67
0212_0008_0009_0048_0048.jpg 1 8 9 48 48
0213_0038_0050_0029_0029.jpg 1 38 50 29 29
0214_0012_0008_0033_0033.jpg 1 12 8 33 33
0215_0030_0030_0042_0042.jpg 1 30 30 42 42
0216_0034_0028_0052_0052.jpg 1 34 28 52 52
0217_0023_0036_0037_0037.jpg 1 23 36 37 37
0218_0024_0034_0031_0031.jpg 1 24 34 31 31
0219_0028_0008_0043_0043.jpg 1 28 8 43 43
0220_0041_0006_0045_0045.jpg 1 41 6 45 45
0221_0042_0061_0030_0030.jpg 1 42 61 30 30
0222_0025_0012_0061_0061.jpg 1 25 12 61 61
0223_0040_0009_0049_0049.jpg 1 40 9 49 49
0224_0014_0006_0066_0066.jpg 1 14 6 66 66
0225_0044_0011_0048_0048.jpg 1 44 11 48 48
0226_0022_0006_0042_0042.jpg 1 22 6 42 42
0227_0007_0033_0062_0062.jpg 1 7 33 62 62
0228_0048_0013_0037_0037.jpg 1 48 13 37 37
0229_0021_0047_0036_0036.jpg 1 21 47 36 36
0230_0047_0047_0039_0039.jpg 1 47 47 39 39
0231_0035_0010_0050_0050.jpg 1 35 10 50 50
0232_0014_0050_0042_0042.jpg 1 14 50 42 42
0233_0023_0017_0051_0051.jpg 1 23 17 51 51
0234_0044_0053_0032_0032.jpg 1 44 53 32 32
0235_0016_0004_0060_0060.jpg 1 16 4 60 60
0236_0009_0006_0069_0069.jpg 1 9 6 69 69
0237_0035_0010_0025_0025.jpg 1 35 10 25 25
0238_0021_0015_0054_0054.jpg 1 21 15 54 54
0239_0021_0004_0057_0057.jpg 1 21 4 57 57
0240_0022_0058_0033_0033.jpg 1 22 58 33 33
0241_0041_0015_0038_0038.jpg 1 41 15 38 38
0242_0043_0020_0030_0030.jpg 1 43 20 30 30
0243_0017_0025_0056_0056.jpg 1 17 25 56 56
0244_0043_0027_0025_0025.jpg 1 43 27 25 25
0245_0023_0017_0058_0058.jpg 1 23 17 58 58
0246_0038_0032_0033_0033.jpg 1 38 32 33 33
0247_0036_0008_0042_0042.jpg 1 36 8 42 42
0248_0017_0004_0060_0060.jpg 1 17 4 60 60
0249_0045_0014_0046_0046.jpg 1 45 14 46 46
0250_0007_0017_0067_0067.jpg 1 7 17 67 67
0251_0028_0026_0065_0065.jpg 1 28 26 65 65
0252_0021_0050_0032_0032.jpg 1 21 50 32 32
0253_0012_0012_0069_0069.jpg 1 12 12 69 69
0254_0009_0012_0066_0066.jpg 1 9 12 66 66
0255_0008_0029_0060_0060.jpg 1 8 29 60 60
0256_0004_0003_0066_0066.jpg 1 4 3 66 66
0257_0013_0008_0032_0032.jpg 1 13 8 32 32
0258_0060_0027_0030_0030.jpg 1 60 27 30 30
0259_0010_0027_0051_0051.jpg 1 10 27 51 51
0260_0030_0029_0062_0062.jpg 1 30 29 62 62
0261_0029_0025_0054_0054.jpg 1 29 25 54 54
0262_0036_0025_0058_0058.jpg 1 36 25 58 58
0263_0008_0051_0036_0036.jpg 1 8 51 36 36
0264_0042_0008_0048_0048.jpg 1 42 8 48 48
0265_0012_0012_0045_0045.jpg 1 12 12 45 45
0266_0036_0010_0049_0049.jpg 1 36 10 49 49
0267_0037_0026_0045_0045.jpg 1 37 26 45 45
0268_0010_0008_0028_0028.jpg 1 10 8 28 28
0269_0005_0019_0063_0063.jpg 1 5 19 63 63
0270_0031_0019_0048_0048.jpg 1 31 19 48 48
0271_0034_0057_0034_0034.jpg 1 34 57 34 34
0272_0021_0027_0043_0043.jpg 1 21 27 43 43
0273_0024_0039_0033_0033.jpg 1 24 39 33 33
0274_0036_0026_0038_0038.jpg 1 36 26 38 38
0275_0011_0038_0038_0038.jpg 1 11 38 38 38
0276_0036_0023_0052_0052.jpg 1 36 23 52 52
0277_0022_0010_0068_0068.jpg 1 22 10 68 68
0278_0047_0015_0029_0029.jpg 1 47 15 29 29
0279_0014_0033_0053_0053.jpg 1 14 33 53 53
0280_0012_0044_0048_0048.jpg 1 12 44 48 48
0281_0034_0008_0050_0050.jpg 1 34 8 50 50
0282_0038_0006_0039_0039.jpg 1 38 6 39 39
0283_0043_0045_0042_0042.jpg 1 43 45 42 42
0284_0020_0022_0041_0041.jpg 1 20 22 41 41
0285_0014_0022_0053_0053.jpg 1 14 22 53 53
0286_0021_0010_0028_0028.jpg 1 21 10 28 28
0287_0050_0012_0029_0029.jpg 1 50 12 29 29
0288_0025_0037_0038_0038.jpg 1 25 37 38 38
0289_0030_0017_0046_0046.jpg 1 30 17 46 46
0290_0040_0012_0033_0033.jpg 1 40 12 33 33
0291_0016_0031_0064_0064.jpg 1 16 31 64 64
0292_0009_0014_0052_0052.jpg 1 9 14 52 52
0293_0015_0004_0066_0066.jpg 1 15 4 66 66
0294_0029_0018_0058_0058.jpg 1 29 18 58 58
0295_0009_0010_0065_0065.jpg 1 9 10 65 65
0296_0036_0033_0045_0045.jpg 1 36 33 45 45
0297_0013_0009_0063_0063.jpg 1 13 9 63 63
0298_0044_0011_0025_0025.jpg 1 44 11 25 25
0299_0017_0042_0050_0050.jpg 1 17 42 50 50
0300_0034_0033_0034_0034.jpg 1 34 33 34 34
0301_0008_0027_0044_0044.jpg 1 8 27 44 44
0302_0008_0019_0029_0029.jpg 1 8 19 29 29
0303_0031_0017_0060_0060.jpg 1 31 17 60 60
0304_0036_0029_0041_0041.jpg 1 36 29 41 41
0305_0015_0022_0066_0066.jpg 1 15 22 66 66
0306_0017_0029_0058_0058.jpg 1 17 29 58 58
0307_0025_0008_0030_0030.jpg 1 25 8 30 30
0308_0026_0043_0041_0041.jpg 1 26 43 41 41
0309_0016_0026_0056_0056.jpg 1 16 26 56 56
0310_0023_0022_0069_0069.jpg 1 23 22 69 69
0311_0008_0035_0058_0058.jpg 1 8 35 58 58
0312_0016_0004_0065_0065.jpg 1 16 4 65 65
0313_0026_0011_0056_0056.jpg 1 26 11 56 56
0314_0007_0011_0057_0057.jpg 1 7 11 57 57
0315_0043_0047_0030_0030.jpg 1 43 47 30 30
0316_0022_0021_0038_0038.jpg 1 22 21 38 38
0317_0013_0042_0028_0028.jpg 1 13 42 28 28
0318_0021_0043_0051_0051.jpg 1 21 43 51 51
0319_0024_0008_0032_0032.jpg 1 24 8 32 32
0320_0020_0049_0042_0042.jpg 1 20 49 42 42
0321_0007_0027_0037_0037.jpg 1 7 27 37 37
0322_0029_0004_0055_0055.jpg 1 29 4 55 55
0323_0039_0034_0039_0039.jpg 1 39 34 39 39
0324_0026_0028_0059_0059.jpg 1 26 28 59 59
0325_0042_0014_0052_0052.jpg 1 42 14 52 52
0326_0038_0019_0052_0052.jpg 1 38 19 52 52
0327_0010_0039_0029_0029.jpg 1 10 39 29 29
0328_0034_0031_0059_0059.jpg 1 34 31 59 59
0329_0046_0024_0038_0038.jpg 1 46 24 38 38
0330_0023_0031_0056_0056.jpg 1 23 31 56 56
0331_0011_0004_0052_0052.jpg 1 11 4 52 52
0332_0018_0029_0062_0062.jpg 1 18 29 62 62
0333_0016_0063_0026_0026.jpg 1 16 63 26 26
0334_0040_0026_0024_0024.jpg 1 40 26 24 24
0335_0022_0043_0043_0043.jpg 1 22 43 43 43
0336_0022_0012_0061_0061.jpg 1 22 12 61 61
0337_0015_0026_0055_0055.jpg 1 15 26 55 55
0338_0018_0030_0063_0063.jpg 1 18 30 63 63
0339_0030_0033_0027_0027.jpg 1 30 33 27 27
0340_0032_0038_0040_0040.jpg 1 32 38 40 40
0341_0057_0047_0028_0028.jpg 1 57 47 28 28
0342_0050_0062_0025_0025.jpg 1 50 62 25 25
0343_0003_0010_0064_0064.jpg 1 3 10 64 64
0344_0024_0037_0057_0057.jpg 1 24 37 57 57
0345_0014_0015_0066_0066.jpg 1 14 15 66 66
0346_0040_0014_0047_0047.jpg 1 40 14 47 47
0347_0026_0013_0051_0051.jpg 1 26 13 51 51
0348_0029_0025_0052_0052.jpg 1 29 25 52 52
0349_0005_0008_0065_0065.jpg 1 5 8 65 65
0350_0012_0018_0046_0046.jpg 1 12 18 46 46
0351_0019_0020_0065_0065.jpg 1 19 20 65 65
0352_0050_0025_0039_0039.jpg 1 50 25 39 39
0353_0005_0007_0058_0058.jpg 1 5 7 58 58
0354_0009_0020_0040_0040.jpg 1 9 20 40 40
0355_0052_0055_0033_0033.jpg 1 52 55 33 33
0356_0031_0011_0061_0061.jpg 1 31 11 61 61
0357_0024_0021_0069_0069.jpg 1 24 21 69 69
0358_0011_0026_0064_0064.jpg 1 11 26 64 64
0359_0052_0060_0031_0031.jpg 1 52 60 31 31
0360_0004_0013_0059_0059.jpg 1 4 13 59 59
0361_0025_0027_0068_0068.jpg 1 25 27 68 68
0362_0009_0024_0043_0043.jpg 1 9 24 43 43
0363_0044_0028_0045_0045.jpg 1 44 28 45 45
0364_0006_0020_0069_0069.jpg 1 6 20 69 69
0365_0030_0006_0042_0042.jpg 1 30 6 42 42
0366_0035_0030_0058_0058.jpg 1 35 30 58 58
0367_0044_0011_0025_0025.jpg 1 44 11 25 25
0368_0048_0028_0038_0038.jpg 1 48 28 38 38
0369_0012_0054_0034_0034.jpg 1 12 54 34 34
0370_0019_0029_0038_0038.jpg 1 19 29 38 38
0371_0014_0041_0029_0029.jpg 1 14 41 29 29
0372_0043_0034_0046_0046.jpg 1 43 34 46 46
0373_0017_0007_0058_0058.jpg 1 17 7 58 58
0374_0029_0020_0051_0051.jpg 1 29 20 51 51
0375_0030_0015_0049_0049.jpg 1 30 15 49 49
0376_0010_0040_0051_0051.jpg 1 10 40 51 51
0377_0030_0020_0065_0065.jpg 1 30 20 65 65
0378_0016_0049_0024_0024.jpg 1 16 49 24 24
0379_0018_0031_0040_0040.jpg 1 18 31 40 40
0380_0010_0015_0030_0030.jpg 1 10 15 30 30
0381_0028_0058_0025_0025.jpg 1 28 58 25 25
0382_0020_0041_0042_0042.jpg 1 20 41 42 42
0383_0025_0048_0030_0030.jpg 1 25 48 30 30
0384_0032_0009_0059_0059.jpg 1 32 9 59 59
0385_0052_0006_0042_0042.jpg 1 52 6 42 42
0386_0033_0039_0038_0038.jpg 1 33 39 38 38
0387_0018_0060_0025_0025.jpg 1 18 60 25 25
0388_0033_0015_0052_0052.jpg 1 33 15 52 52
0389_0022_0003_0065_0065.jpg 1 22 3 65 65
0390_0017_0030_0051_0051.jpg 1 17 30 51 51
0391_0022_0031_0053_0053.jpg 1 22 31 53 53
0392_0061_0036_0026_0026.jpg 1 61 36 26 26
0393_0015_0036_0044_0044.jpg 1 15 36 44 44
0394_0035_0048_0038_0038.jpg 1 35 48 38 38
0395_0025_0025_0060_0060.jpg 1 25 25 60 60
0396_0044_0022_0027_0027.jpg 1 44 22 27 27
0397_0007_0034_0040_0040.jpg 1 7 34 40 40
0398_0036_0029_0058_0058.jpg 1 36 29 58 58
0399_0018_0056_0033_0033.jpg 1 18 56 33 33
0400_0026_0016_0068_0068.jpg 1 26 16 68 68
0401_0017_0038_0057_0057.jpg 1 17 38 57 57
0402_0023_0031_0042_0042.jpg 1 23 31 42 42
0403_0013_0003_0068_0068.jpg 1 13 3 68 68
0404_0017_0009_0064_0064.jpg 1 17 9 64 64
0405_0039_0031_0052_0052.jpg 1 39 31 52 52
0406_0037_0005_0058_0058.jpg 1 37 5 58 58
0407_0008_0016_0064_0064.jpg 1 8 16 64 64
0408_0019_0017_0039_0039.jpg 1 19 17 39 39
0409_0045_0021_0040_0040.jpg 1 45 21 40 40
0410_0054_0011_0029_0029.jpg 1 54 11 29 29
0411_0028_0023_0028_0028.jpg 1 28 23 28 28
0412_0017_0029_0060_0060.jpg 1 17 29 60 60
0413_0022_0034_0057_0057.jpg 1 22 34 57 57
0414_0007_0043_0044_0044.jpg 1 7 43 44 44
0415_0010_0003_0064_0064.jpg 1 10 3 64 64
0416_0037_0030_0043_0043.jpg 1 37 30 43 43
0417_0016_0023_0050_0050.jpg 1 16 23 50 50
0418_0006_0025_0069_0069.jpg 1 6 25 69 69
0419_0026_0026_0062_0062.jpg 1 26 26 62 62
0420_0012_0029_0059_0059.jpg 1 12 29 59 59
0421_0023_0029_0065_0065.jpg 1 23 29 65 65
0422_0018_0005_0066_0066.jpg 1 18 5 66 66
0423_0024_0021_0046_0046.jpg 1 24 21 46 46
0424_0015_0009_0062_0062.jpg 1 15 9 62 62
0425_0039_0020_0036_0036.jpg 1 39 20 36 36
0426_0020_0008_0059_0059.jpg 1 20 8 59 59
0427_0049_0036_0043_0043.jpg 1 49 36 43 43
0428_0020_0029_0041_0041.jpg 1 20 29 41 41
0429_0007_0015_0060_0060.jpg 1 7 15 60 60
0430_0019_0025_0068_0068.jpg 1 19 25 68 68
0431_0049_0048_0042_0042.jpg 1 49 48 42 42
0432_0060_0060_0026_0026.jpg 1 60 60 26 26
0433_0037_0015_0033_0033.jpg 1 37 15 33 33
0434_0030_0023_0061_0061.jpg 1 30 23 61 61
0435_0023_0042_0041_0041.jpg 1 23 42 41 41
0436_0042_0031_0046_0046.jpg 1 42 31 46 46
0437_0006_0012_0065_0065.jpg 1 6 12 65 65
0438_0051_0016_0032_0032.jpg 1 51 16 32 32
0439_0012_0045_0045_0045.jpg 1 12 45 45 45
0440_0056_0019_0033_0033.jpg 1 56 19 33 33
0441_0006_0013_0060_0060.jpg 1 6 13 60 60
0442_0062_0012_0027_0027.jpg 1 62 12 27 27
0443_0010_0049_0026_0026.jpg 1 10 49 26 26
0444_0008_0028_0056_0056.jpg 1 8 28 56 56
0445_0008_0031_0062_0062.jpg 1 8 31 62 62
0446_0004_0018_0060_0060.jpg 1 4 18 60 60
0447_0009_0023_0062_0062.jpg 1 9 23 62 62
0448_0049_0027_0041_0041.jpg 1 49 27 41 41
0449_0021_0026_0057_0057.jpg 1 21 26 57 57
0450_0039_0024_0026_0026.jpg 1 39 24 26 26
0451_0013_0022_0056_0056.jpg 1 13 22 56 56
0452_0035_0036_0054_0054.jpg 1 35 36 54 54
0453_0045_0048_0039_0039.jpg 1 45 48 39 39
0454_0053_0007_0038_0038.jpg 1 53 7 38 38
0455_0024_0012_0028_0028.jpg 1 24 12 28 28
0456_0013_0036_0037_0037.jpg 1 13 36 37 37
0457_0035_0018_0061_0061.jpg 1 35 18 61 61
0458_0024_0027_0061_0061.jpg 1 24 27 61 61
0459_0027_0018_0068_0068.jpg 1 27 18 68 68
0460_0030_0034_0055_0055.jpg 1 30 34 55 55
0461_0061_0027_0024_0024.jpg 1 61 27 24 24
0462_0017_0014_0054_0054.jpg 1 17 14 54 54
0463_0004_0024_0062_0062.jpg 1 4 24 62 62
0464_0008_0018_0035_0035.jpg 1 8 18 35 35
0465_0021_0044_0040_0040.jpg 1 21 44 40 40
0466_0017_0033_0047_0047.jpg 1 17 33 47 47
0467_0039_0035_0034_0034.jpg 1 39 35 34 34
0468_0026_0032_0053_0053.jpg 1 26 32 53 53
0469_0055_0038_0038_0038.jpg 1 55 38 38 38
0470_0016_0026_0057_0057.jpg 1 16 26 57 57
0471_0004_0029_0067_0067.jpg 1 4 29 67 67
0472_0027_0025_0059_0059.jpg 1 27 25 59 59
0473_0012_0029_0054_0054.jpg 1 12 29 54 54
0474_0040_0020_0043_0043.jpg 1 40 20 43 43
0475_0018_0018_0069_0069.jpg 1 18 18 69 69
0476_0038_0052_0035_0035.jpg 1 38 52 35 35
0477_0028_0023_0045_0045.jpg 1 28 23 45 45
0478_0014_0020_0069_0069.jpg 1 14 20 69 69
0479_0007_0010_0030_0030.jpg 1 7 10 30 30
0480_0034_0008_0044_0044.jpg 1 34 8 44 44
0481_0038_0009_0051_0051.jpg 1 38 9 51 51
0482_0004_0005_0054_0054.jpg 1 4 5 54 54
0483_0048_0020_0042_0042.jpg 1 48 20 42 42
0484_0050_0040_0042_0042.jpg 1 50 40 42 42
0485_0049_0050_0041_0041.jpg 1 49 50 41 41
0486_0036_0043_0029_0029.jpg 1 36 43 29 29
0487_0005_0048_0044_0044.jpg 1 5 48 44 44
0488_0030_0036_0036_0036.jpg 1 30 36 36 36
0489_0040_0021_0027_0027.jpg 1 40 21 27 27
0490_0012_0026_0069_0069.jpg 1 12 26 69 69
0491_0020_0009_0067_0067.jpg 1 20 9 67 67
0492_0028_0025_0033_0033.jpg 1 28 25 33 33
0493_0032_0037_0031_0031.jpg 1 32 37 31 31
0494_0049_0060_0030_0030.jpg 1 49 60 30 30
0495_0027_0005_0065_0065.jpg 1 27 5 65 65
0496_0045_0016_0039_0039.jpg 1 45 16 39 39
0497_0007_0040_0049_0049.jpg 1 7 40 49 49
0498_0019_0044_0039_0039.jpg 1 19 44 39 39
0499_0038_0033_0045_0045.jpg 1 38 33 45 45
0500_0047_0050_0028_0028.jpg 1 47 50 28 28
0501_0015_0014_0065_0065.jpg 1 15 14 65 65
0502_0022_0025_0060_0060.jpg 1 22 25 60 60
0503_0018_0056_0030_0030.jpg 1 18 56 30 30
0504_0032_0047_0033_0033.jpg 1 32 47 33 33
0505_0031_0058_0026_0026.jpg 1 31 58 26 26
0506_0042_0048_0028_0028.jpg 1 42 48 28 28
0507_0054_0034_0030_0030.jpg 1 54 34 30 30
0508_0031_0011_0060_0060.jpg 1 31 11 60 60
0509_0045_0015_0025_0025.jpg 1 45 15 25 25
0510_0005_0033_0057_0057.jpg 1 5 33 57 57
0511_0024_0014_0052_0052.jpg 1 24 14 52 52
0512_0050_0028_0037_0037.jpg 1 50 28 37 37
0513_0037_0037_0025_0025.jpg 1 37 37 25 25
0514_0004_0030_0061_0061.jpg 1 4 30 61 61
0515_0017_0035_0055_0055.jpg 1 17 35 55 55
0516_0005_0031_0063_0063.jpg 1 5 31 63 63
0517_0025_0043_0025_0025.jpg 1 25 43 25 25
0518_0018_0012_0069_0069.jpg 1 18 12 69 69
0519_0058_0039_0033_0033.jpg 1 58 39 33 33
0520_0047_0036_0033_0033.jpg 1 47 36 33 33
0521_0032_0008_0044_0044.jpg 1 32 8 44 44
0522_0033_0052_0036_0036.jpg 1 33 52 36 36
0523_0033_0019_0059_0059.jpg 1 33 19 59 59
0524_0016_0028_0027_0027.jpg 1 16 28 27 27
0525_0030_0013_0040_0040.jpg 1 30 13 40 40
0526_0045_0021_0032_0032.jpg 1 45 21 32 32
0527_0020_0015_0057_0057.jpg 1 20 15 57 57
0528_0020_0035_0036_0036.jpg 1 20 35 36 36
0529_0009_0031_0059_0059.jpg 1 9 31 59 59
0530_0017_0020_0058_0058.jpg 1 17 20 58 58
0531_0004_0024_0065_0065.jpg 1 4 24 65 65
0532_0013_0021_0066_0066.jpg 1 13 21 66 66
0533_0024_0015_0047_0047.jpg 1 24 15 47 47
0534_0019_0042_0038_0038.jpg 1 19 42 38 38
0535_0036_0025_0050_0050.jpg 1 36 25 50 50
0536_0066_0048_0025_0025.jpg 1 66 48 25 25
0537_0033_0052_0026_0026.jpg 1 33 52 26 26
0538_0011_0043_0029_0029.jpg 1 11 43 29 29
0539_0010_0022_0068_0068.jpg 1 10 22 68 68
0540_0047_0047_0033_0033.jpg 1 47 47 33 33
0541_0014_0007_0058_0058.jpg 1 14 7 58 58
0542_0021_0026_0064_0064.jpg 1 21 26 64 64
0543_0062_0064_0025_0025.jpg 1 62 64 25 25
0544_0031_0021_0030_0030.jpg 1 31 21 30 30
0545_0016_0022_0063_0063.jpg 1 16 22 63 63
0546_0019_0015_0040_0040.jpg 1 19 15 40 40
0547_0018_0022_0061_0061.jpg 1 18 22 61 61
0548_0035_0043_0042_0042.jpg 1 35 43 42 42
0549_0041_0045_0048_0048.jpg 1 41 45 48 48
0550_0008_0042_0036_0036.jpg 1 8 42 36 36
0551_0010_0018_0054_0054.jpg 1 10 18 54 54
0552_0055_0067_0024_0024.jpg 1 55 67 24 24
0553_0019_0033_0060_0060.jpg 1 19 33 60 60
0554_0047_0031_0038_0038.jpg 1 47 31 38 38
0555_0034_0028_0057_0057.jpg 1 34 28 57 57
0556_0025_0025_0042_0042.jpg 1 25 25 42 42
0557_0005_0035_0048_0048.jpg 1 5 35 48 48
0558_0046_0012_0024_0024.jpg 1 46 12 24 24
0559_0011_0014_0065_0065.jpg 1 11 14 65 65
0560_0014_0042_0049_0049.jpg 1 14 42 49 49
0561_0006_0008_0054_0054.jpg 1 6 8 54 54
0562_0015_0007_0061_0061.jpg 1 15 7 61 61
0563_0017_0003_0065_0065.jpg 1 17 3 65 65
0564_0031_0015_0054_0054.jpg 1 31 15 54 54
0565_0005_0028_0048_0048.jpg 1 5 28 48 48
0566_0026_0033_0062_0062.jpg 1 26 33 62 62
0567_0032_0016_0046_0046.jpg 1 32 16 46 46
0568_0016_0028_0064_0064.jpg 1 16 28 64 64
0569_0015_0007_0061_0061.jpg 1 15 7 61 61
0570_0007_0004_0052_0052.jpg 1 7 4 52 52
0571_0016_0044_0038_0038.jpg 1 16 44 38 38
0572_0016_0030_0055_0055.jpg 1 16 30 55 55
0573_0013_0024_0068_0068.jpg 1 13 24 68 68
0574_0018_0016_0064_0064.jpg 1 18 16 64 64
0575_0021_0024_0068_0068.jpg 1 21 24 68 68
0576_0025_0043_0038_0038.jpg 1 25 43 38 38
0577_0040_0015_0039_0039.jpg 1 40 15 39 39
0578_0012_0041_0029_0029.jpg 1 12 41 29 29
0579_0024_0057_0027_0027.jpg 1 24 57 27 27
0580_0047_0024_0043_0043.jpg 1 47 24 43 43
0581_0015_0018_0034_0034.jpg 1 15 18 34 34
0582_0052_0047_0025_0025.jpg 1 52 47 25 25
0583_0039_0030_0032_0032.jpg 1 39 30 32 32
0584_0026_0012_0051_0051.jpg 1 26 12 51 51
0585_0005_0025_0066_0066.jpg 1 5 25 66 66
0586_0045_0040_0025_0025.jpg 1 45 40 25 25
0587_0037_0027_0040_0040.jpg 1 37 27 40 40
0588_0052_0032_0032_0032.jpg 1 52 32 32 32
0589_0015_0052_0037_0037.jpg 1 15 52 37 37
0590_0043_0041_0042_0042.jpg 1 43 41 42 42
0591_0037_0037_0024_0024.jpg 1 37 37 24 24
0592_0004_0003_0069_0069.jpg 1 4 3 69 69
0593_0025_0034_0060_0060.jpg 1 25 34 60 60
0594_0035_0038_0051_0051.jpg 1 35 38 51 51
0595_0014_0024_0053_0053.jpg 1 14 24 53 53
0596_0004_0021_0055_0055.jpg 1 4 21 55 55
0597_0025_0033_0055_0055.jpg 1 25 33 55 55
0598_0013_0011_0040_0040.jpg 1 13 11 40 40
0599_0048_0019_0032_0032.jpg 1 48 19 32 32
0600_0040_0040_0048_0048.jpg 1 40 40 48 48
0601_0034_0055_0031_0031.jpg 1 34 55 31 31
0602_0012_0015_0062_0062.jpg 1 12 15 62 62
0603_0024_0012_0054_0054.jpg 1 24 12 54 54
0604_0019_0010_0057_0057.jpg 1 19 10 57 57
0605_0010_0037_0057_0057.jpg 1 10 37 57 57
0606_0034_0052_0040_0040.jpg 1 34 52 40 40
0607_0046_0032_0026_0026.jpg 1 46 32 26 26
0608_0006_0010_0034_0034.jpg 1 6 10 34 34
0609_0024_0016_0048_0048.jpg 1 24 16 48 48
0610_0005_0017_0063_0063.jpg 1 5 17 63 63
0611_0054_0038_0035_0035.jpg 1 54 38 35 35
0612_0031_0053_0027_0027.jpg 1 31 53 27 27
0613_0031_0016_0062_0062.jpg 1 31 16 62 62
0614_0014_0010_0049_0049.jpg 1 14 10 49 49
0615_0012_0028_0065_0065.jpg 1 12 28 65 65
0616_0020_0025_0062_0062.jpg 1 20 25 62 62
0617_0006_0011_0063_0063.jpg 1 6 11 63 63
0618_0037_0040_0027_0027.jpg 1 37 40 27 27
0619_0031_0016_0043_0043.jpg 1 31 16 43 43
0620_0047_0037_0024_0024.jpg 1 47 37 24 24
0621_0026_0045_0046_0046.jpg 1 26 45 46 46
0622_0022_0051_0042_0042.jpg 1 22 51 42 42
0623_0014_0029_0049_0049.jpg 1 14 29 49 49
0624_0021_0010_0058_0058.jpg 1 21 10 58 58
0625_0026_0028_0044_0044.jpg 1 26 28 44 44
0626_0032_0032_0043_0043.jpg 1 32 32 43 43
0627_0020_0037_0047_0047.jpg 1 20 37 47 47
0628_0045_0046_0040_0040.jpg 1 45 46 40 40
0629_0020_0021_0069_0069.jpg 1 20 21 69 69
0630_0009_0018_0066_0066.jpg 1 9 18 66 66
0631_0006_0029_0066_0066.jpg 1 6 29 66 66
0632_0015_0041_0041_0041.jpg 1 15 41 41 41
0633_0011_0041_0028_0028.jpg 1 11 41 28 28
0634_0028_0022_0068_0068.jpg 1 28 22 68 68
0635_0010_0031_0048_0048.jpg 1 10 31 48 48
0636_0030_0010_0057_0057.jpg 1 30 10 57 57
0637_0040_0026_0046_0046.jpg 1 40 26 46 46
0638_0024_0031_0061_0061.jpg 1 24 31 61 61
0639_0021_0016_0048_0048.jpg 1 21 16 48 48
0640_0012_0046_0046_0046.jpg 1 12 46 46 46
0641_0030_0042_0027_0027.jpg 1 30 42 27 27
0642_0008_0044_0024_0024.jpg 1 8 44 24 24
0643_0034_0024_0043_0043.jpg 1 34 24 43 43
0644_0036_0031_0045_0045.jpg 1 36 31 45 45
0645_0024_0013_0037_0037.jpg 1 24 13 37 37
0646_0035_0029_0038_0038.jpg 1 35 29 38 38
0647_0016_0035_0057_0057.jpg 1 16 35 57 57
0648_0015_0033_0039_0039.jpg 1 15 33 39 39
0649_0013_0055_0029_0029.jpg 1 13 55 29 29
0650_0055_0056_0025_0025.jpg 1 55 56 25 25
0651_0007_0036_0032_0032.jpg 1 7 36 32 32
0652_0034_0023_0054_0054.jpg 1 34 23 54 54
0653_0033_0027_0062_0062.jpg 1 33 27 62 62
0654_0031_0024_0053_0053.jpg 1 31 24 53 53
0655_0036_0015_0055_0055.jpg 1 36 15 55 55
0656_0032_0020_0041_0041.jpg 1 32 20 41 41
0657_0063_0013_0026_0026.jpg 1 63 13 26 26
0658_0019_0057_0030_0030.jpg 1 19 57 30 30
0659_0022_0055_0033_0033.jpg 1 22 55 33 33
0660_0019_0023_0065_0065.jpg 1 19 23 65 65
0661_0017_0031_0062_0062.jpg 1 17 31 62 62
0662_0023_0008_0045_0045.jpg 1 23 8 45 45
0663_0025_0020_0045_0045.jpg 1 25 20 45 45
0664_0027_0019_0051_0051.jpg 1 27 19 51 51
0665_0007_0025_0064_0064.jpg 1 7 25 64 64
0666_0012_0035_0043_0043.jpg 1 12 35 43 43
0667_0030_0015_0053_0053.jpg 1 30 15 53 53
0668_0037_0049_0041_0041.jpg 1 37 49 41 41
0669_0028_0019_0042_0042.jpg 1 28 19 42 42
0670_0022_0017_0069_0069.jpg 1 22 17 69 69
0671_0048_0010_0041_0041.jpg 1 48 10 41 41
0672_0014_0034_0037_0037.jpg 1 14 34 37 37
0673_0004_0015_0067_0067.jpg 1 4 15 67 67
0674_0041_0019_0047_0047.jpg 1 41 19 47 47
0675_0020_0007_0042_0042.jpg 1 20 7 42 42
0676_0036_0016_0048_0048.jpg 1 36 16 48 48
0677_0014_0005_0046_0046.jpg 1 14 5 46 46
0678_0031_0024_0029_0029.jpg 1 31 24 29 29
0679_0009_0047_0046_0046.jpg 1 9 47 46 46
0680_0027_0040_0044_0044.jpg 1 27 40 44 44
0681_0032_0018_0030_0030.jpg 1 32 18 30 30
0682_0041_0044_0043_0043.jpg 1 41 44 43 43
0683_0014_0040_0040_0040.jpg 1 14 40 40 40
0684_0005_0010_0053_0053.jpg 1 5 10 53 53
0685_0012_0052_0027_0027.jpg 1 12 52 27 27
0686_0034_0036_0057_0057.jpg 1 34 36 57 57
0687_0038_0012_0032_0032.jpg 1 38 12 32 32
0688_0040_0006_0041_0041.jpg 1 40 6 41 41
0689_0023_0038_0053_0053.jpg 1 23 38 53 53
0690_0012_0028_0056_0056.jpg 1 12 28 56 56
0691_0057_0018_0033_0033.jpg 1 57 18 33 33
0692_0048_0050_0038_0038.jpg 1 48 50 38 38
0693_0022_0008_0064_0064.jpg 1 22 8 64 64
0694_0054_0058_0024_0024.jpg 1 54 58 24 24
0695_0022_0010_0055_0055.jpg 1 22 10 55 55
0696_0004_0018_0067_0067.jpg 1 4 18 67 67
0697_0043_0027_0029_0029.jpg 1 43 27 29 29
0698_0043_0036_0050_0050.jpg 1 43 36 50 50
0699_0012_0022_0065_0065.jpg 1 12 22 65 65
0700_0043_0044_0034_0034.jpg 1 43 44 34 34
0701_0035_0047_0040_0040.jpg 1 35 47 40 40
0702_0021_0031_0033_0033.jpg 1 21 31 33 33
0703_0012_0013_0066_0066.jpg 1 12 13 66 66
0704_0029_0018_0056_0056.jpg 1 29 18 56 56
0705_0023_0029_0055_0055.jpg 1 23 29 55 55
0706_0019_0030_0064_0064.jpg 1 19 30 64 64
0707_0014_0030_0048_0048.jpg 1 14 30 48 48
0708_0007_0029_0056_0056.jpg 1 7 29 56 56
0709_0065_0039_0025_0025.jpg 1 65 39 25 25
0710_0050_0025_0025_0025.jpg 1 50 25 25 25
0711_0034_0014_0058_0058.jpg 1 34 14 58 58
0712_0031_0014_0046_0046.jpg 1 31 14 46 46
0713_0018_0007_0045_0045.jpg 1 18 7 45 45
0714_0022_0013_0054_0054.jpg 1 22 13 54 54
0715_0011_0050_0030_0030.jpg 1 11 50 30 30
0716_0022_0016_0035_0035.jpg 1 22 16 35 35
0717_0013_0015_0032_0032.jpg 1 13 15 32 32
0718_0018_0032_0032_0032.jpg 1 18 32 32 32
0719_0047_0041_0039_0039.jpg 1 47 41 39 39
0720_0018_0024_0059_0059.jpg 1 18 24 59 59
0721_0013_0039_0044_0044.jpg 1 13 39 44 44
0722_0057_0053_0033_0033.jpg 1 57 53 33 33
0723_0023_0048_0025_0025.jpg 1 23 48 25 25
0724_0018_0005_0057_0057.jpg 1 18 5 57 57
0725_0037_0012_0048_0048.jpg 1 37 12 48 48
0726_0026_0029_0043_0043.jpg 1 26 29 43 43
0727_0013_0018_0057_0057.jpg 1 13 18 57 57
0728_0011_0025_0028_0028.jpg 1 11 25 28 28
0729_0032_0048_0035_0035.jpg 1 32 48 35 35
0730_0043_0041_0051_0051.jpg 1 43 41 51 51
0731_0026_0023_0068_0068.jpg 1 26 23 68 68
0732_0036_0029_0044_0044.jpg 1 36 29 44 44
0733_0021_0017_0057_0057.jpg 1 21 17 57 57
0734_0008_0019_0066_0066.jpg 1 8 19 66 66
0735_0017_0015_0055_0055.jpg 1 17 15 55 55
0736_0018_0007_0061_0061.jpg 1 18 7 61 61
0737_0038_0016_0045_0045.jpg 1 38 16 45 45
0738_0014_0034_0055_0055.jpg 1 14 34 55 55
0739_0025_0005_0067_0067.jpg 1 25 5 67 67
0740_0024_0026_0066_0066.jpg 1 24 26 66 66
0741_0008_0004_0063_0063.jpg 1 8 4 63 63
0742_0031_0012_0059_0059.jpg 1 31 12 59 59
0743_0023_0025_0056_0056.jpg 1 23 25 56 56
0744_0030_0018_0036_0036.jpg 1 30 18 36 36
0745_0043_0033_0041_0041.jpg 1 43 33 41 41
0746_0025_0026_0065_0065.jpg 1 25 26 65 65
0747_0014_0018_0063_0063.jpg 1 14 18 63 63
0748_0043_0026_0031_0031.jpg 1 43 26 31 31
0749_0037_0025_0046_0046.jpg 1 37 25 46 46
0750_0016_0048_0036_0036.jpg 1 16 48 36 36
0751_0019_0033_0060_0060.jpg 1 19 33 60 60
0752_0013_0026_0036_0036.jpg 1 13 26 36 36
0753_0037_0033_0043_0043.jpg 1 37 33 43 43
0754_0021_0026_0069_0069.jpg 1 21 26 69 69
0755_0023_0027_0044_0044.jpg 1 23 27 44 44
0756_0057_0043_0035_0035.jpg 1 57 43 35 35
0757_0008_0026_0059_0059.jpg 1 8 26 59 59
0758_0016_0025_0065_0065.jpg 1 16 25 65 65
0759_0015_0017_0030_0030.jpg 1 15 17 30 30
0760_0048_0032_0028_0028.jpg 1 48 32 28 28
0761_0038_0023_0057_0057.jpg 1 38 23 57 57
0762_0040_0014_0050_0050.jpg 1 40 14 50 50
0763_0029_0014_0027_0027.jpg 1 29 14 27 27
0764_0006_0016_0066_0066.jpg 1 6 16 66 66
0765_0030_0022_0038_0038.jpg 1 30 22 38 38
0766_0024_0062_0028_0028.jpg 1 24 62 28 28
0767_0031_0052_0034_0034.jpg 1 31 52 34 34
0768_0029_0014_0061_0061.jpg 1 29 14 61 61
0769_0012_0024_0063_0063.jpg 1 12 24 63 63
0770_0022_0028_0055_0055.jpg 1 22 28 55 55
0771_0030_0042_0052_0052.jpg 1 30 42 52 52
0772_0012_0018_0066_0066.jpg 1 12 18 66 66
0773_0041_0039_0029_0029.jpg 1 41 39 29 29
0774_0004_0013_0068_0068.jpg 1 4 13 68 68
0775_0038_0007_0057_0057.jpg 1 38 7 57 57
0776_0007_0028_0046_0046.jpg 1 7 28 46 46
0777_0039_0019_0055_0055.jpg 1 39 19 55 55
0778_0050_0036_0025_0025.jpg 1 50 36 25 25
0779_0018_0022_0054_0054.jpg 1 18 22 54 54
0780_0032_0041_0053_0053.jpg 1 32 41 53 53
0781_0016_0025_0046_0046.jpg 1 16 25 46 46
0782_0059_0068_0024_0024.jpg 1 59 68 24 24
0783_0014_0017_0039_0039.jpg 1 14 17 39 39
0784_0033_0055_0027_0027.jpg 1 33 55 27 27
0785_0012_0017_0045_0045.jpg 1 12 17 45 45
0786_0018_0047_0035_0035.jpg 1 18 47 35 35
0787_0022_0015_0059_0059.jpg 1 22 15 59 59
0788_0004_0003_0067_0067.jpg 1 4 3 67 67
0789_0033_0012_0057_0057.jpg 1 33 12 57 57
0790_0033_0033_0044_0044.jpg 1 33 33 44 44
0791_0012_0054_0030_0030.jpg 1 12 54 30 30
0792_0005_0017_0057_0057.jpg 1 5 17 57 57
0793_0051_0007_0032_0032.jpg 1 51 7 32 32
0794_0052_0015_0036_0036.jpg 1 52 15 36 36
0795_0025_0024_0068_0068.jpg 1 25 24 68 68
0796_0059_0036_0032_0032.jpg 1 59 36 32 32
0797_0052_0048_0031_0031.jpg 1 52 48 31 31
0798_0059_0059_0026_0026.jpg 1 59 59 26 26
0799_0037_0019_0034_0034.jpg 1 37 19 34 34
0800_0032_0020_0060_0060.jpg 1 32 20 60 60
0801_0031_0043_0035_0035.jpg 1 31 43 35 35
0802_0041_0038_0037_0037.jpg 1 41 38 37 37
0803_0046_0036_0047_0047.jpg 1 46 36 47 47
0804_0048_0036_0039_0039.jpg 1 48 36 39 39
0805_0046_0025_0034_0034.jpg 1 46 25 34 34
0806_0030_0021_0039_0039.jpg 1 30 21 39 39
0807_0046_0040_0045_0045.jpg 1 46 40 45 45
0808_0016_0014_0068_0068.jpg 1 16 14 68 68
0809_0010_0024_0057_0057.jpg 1 10 24 57 57
0810_0042_0048_0024_0024.jpg 1 42 48 24 24
0811_0033_0020_0058_0058.jpg 1 33 20 58 58
0812_0029_0006_0057_0057.jpg 1 29 6 57 57
0813_0021_0025_0032_0032.jpg 1 21 25 32 32
0814_0021_0025_0055_0055.jpg 1 21 25 55 55
0815_0050_0050_0040_0040.jpg 1 50 50 40 40
0816_0036_0022_0048_0048.jpg 1 36 22 48 48
0817_0044_0030_0049_0049.jpg 1 44 30 49 49
0818_0004_0012_0060_0060.jpg 1 4 12 60 60
0819_0043_0033_0049_0049.jpg 1 43 33 49 49
0820_0031_0040_0055_0055.jpg 1 31 40 55 55
0821_0010_0037_0046_0046.jpg 1 10 37 46 46
0822_0005_0020_0068_0068.jpg 1 5 20 68 68
0823_0003_0022_0066_0066.jpg 1 3 22 66 66
0824_0022_0010_0068_0068.jpg 1 22 10 68 68
0825_0066_0037_0025_0025.jpg 1 66 37 25 25
0826_0040_0026_0043_0043.jpg 1 40 26 43 43
0827_0029_0015_0065_0065.jpg 1 29 15 65 65
0828_0016_0021_0062_0062.jpg 1 16 21 62 62
0829_0052_0012_0037_0037.jpg 1 52 12 37 37
0830_0022_0025_0056_0056.jpg 1 22 25 56 56
0831_0020_0047_0028_0028.jpg 1 20 47 28 28
0832_0004_0035_0058_0058.jpg 1 4 35 58 58
0833_0021_0043_0025_0025.jpg 1 21 43 25 25
0834_0014_0044_0047_0047.jpg 1 14 44 47 47
0835_0032_0045_0035_0035.jpg 1 32 45 35 35
0836_0015_0009_0053_0053.jpg 1 15 9 53 53
0837_0012_0025_0069_0069.jpg 1 12 25 69 69
0838_0004_0009_0061_0061.jpg 1 4 9 61 61
0839_0024_0028_0047_0047.jpg 1 24 28 47 47
0840_0041_0048_0037_0037.jpg 1 41 48 37 37
0841_0020_0012_0042_0042.jpg 1 20 12 42 42
0842_0012_0007_0042_0042.jpg 1 12 7 42 42
0843_0017_0012_0069_0069.jpg 1 17 12 69 69
0844_0037_0018_0044_0044.jpg 1 37 18 44 44
0845_0008_0008_0030_0030.jpg 1 8 8 30 30
0846_0055_0016_0038_0038.jpg 1 55 16 38 38
0847_0022_0012_0042_0042.jpg 1 22 12 42 42
0848_0046_0041_0028_0028.jpg 1 46 41 28 28
0849_0028_0014_0056_0056.jpg 1 28 14 56 56
0850_0036_0034_0035_0035.jpg 1 36 34 35 35
0851_0044_0037_0025_0025.jpg 1 44 37 25 25
0852_0007_0005_0057_0057.jpg 1 7 5 57 57
0853_0048_0063_0029_0029.jpg 1 48 63 29 29
0854_0011_0033_0055_0055.jpg 1 11 33 55 55
0855_0014_0015_0060_0060.jpg 1 14 15 60 60
0856_0010_0015_0055_0055.jpg 1 10 15 55 55
0857_0022_0027_0063_0063.jpg 1 22 27 63 63
0858_0055_0061_0028_0028.jpg 1 55 61 28 28
0859_0014_0007_0055_0055.jpg 1 14 7 55 55
0860_0019_0008_0052_0052.jpg 1 19 8 52 52
0861_0043_0024_0032_0032.jpg 1 43 24 32 32
0862_0008_0026_0056_0056.jpg 1 8 26 56 56
0863_0019_0034_0027_0027.jpg 1 19 34 27 27
0864_0032_0040_0038_0038.jpg 1 32 40 38 38
0865_0030_0033_0047_0047.jpg 1 30 33 47 47
0866_0025_0014_0068_0068.jpg 1 25 14 68 68
0867_0019_0007_0051_0051.jpg 1 19 7 51 51
0868_0027_0004_0065_0065.jpg 1 27 4 65 65
0869_0049_0042_0028_0028.jpg 1 49 42 28 28
0870_0042_0011_0050_0050.jpg 1 42 11 50 50
0871_0013_0015_0035_0035.jpg 1 13 15 35 35
0872_0012_0033_0026_0026.jpg 1 12 33 26 26
0873_0060_0049_0025_0025.jpg 1 60 49 25 25
0874_0019_0030_0041_0041.jpg 1 19 30 41 41
0875_0019_0040_0041_0041.jpg 1 19 40 41 41
0876_0039_0009_0052_0052.jpg 1 39 9 52 52
0877_0021_0014_0062_0062.jpg 1 21 14 62 62
0878_0009_0023_0031_0031.jpg 1 9 23 31 31
0879_0049_0016_0039_0039.jpg 1 49 16 39 39
0880_0043_0032_0041_0041.jpg 1 43 32 41 41
0881_0048_0017_0030_0030.jpg 1 48 17 30 30
0882_0026_0014_0068_0068.jpg 1 26 14 68 68
0883_0025_0025_0055_0055.jpg 1 25 25 55 55
0884_0025_0025_0062_0062.jpg 1 25 25 62 62
0885_0007_0013_0058_0058.jpg 1 7 13 58 58
0886_0035_0035_0041_0041.jpg 1 35 35 41 41
0887_0027_0041_0034_0034.jpg 1 27 41 34 34
0888_0026_0037_0049_0049.jpg 1 26 37 49 49
0889_0014_0051_0038_0038.jpg 1 14 51 38 38
0890_0031_0034_0028_0028.jpg 1 31 34 28 28
0891_0042_0011_0044_0044.jpg 1 42 11 44 44
0892_0005_0011_0062_0062.jpg 1 5 11 62 62
0893_0013_0047_0027_0027.jpg 1 13 47 27 27
0894_0005_0026_0059_0059.jpg 1 5 26 59 59
0895_0041_0059_0029_0029.jpg 1 41 59 29 29
0896_0026_0007_0042_0042.jpg 1 26 7 42 42
0897_0049_0048_0032_0032.jpg 1 49 48 32 32
0898_0053_0054_0036_0036.jpg 1 53 54 36 36
0899_0009_0024_0069_0069.jpg 1 9 24 69 69
0900_0039_0023_0050_0050.jpg 1 39 23 50 50
0901_0042_0020_0031_0031.jpg 1 42 20 31 31
0902_0055_0017_0024_0024.jpg 1 55 17 24 24
0903_0007_0031_0049_0049.jpg 1 7 31 49 49
0904_0014_0007_0062_0062.jpg 1 14 7 62 62
0905_0018_0038_0031_0031.jpg 1 18 38 31 31
0906_0010_0029_0060_0060.jpg 1 10 29 60 60
0907_0050_0017_0042_0042.jpg 1 50 17 42 42
0908_0046_0030_0048_0048.jpg 1 46 30 48 48
0909_0025_0014_0052_0052.jpg 1 25 14 52 52
0910_0053_0035_0029_0029.jpg 1 53 35 29 29
0911_0037_0023_0028_0028.jpg 1 37 23 28 28
0912_0008_0027_0057_0057.jpg 1 8 27 57 57
0913_0037_0041_0047_0047.jpg 1 37 41 47 47
0914_0036_0017_0026_0026.jpg 1 36 17 26 26
0915_0027_0026_0064_0064.jpg 1 27 26 64 64
0916_0028_0010_0063_0063.jpg 1 28 10 63 63
0917_0016_0019_0069_0069.jpg 1 16 19 69 69
0918_0046_0048_0026_0026.jpg 1 46 48 26 26
0919_0029_0009_0056_0056.jpg 1 29 9 56 56
0920_0027_0023_0053_0053.jpg 1 27 23 53 53
0921_0035_0027_0032_0032.jpg 1 35 27 32 32
0922_0043_0030_0042_0042.jpg 1 43 30 42 42
0923_0065_0030_0027_0027.jpg 1 65 30 27 27
0924_0057_0042_0031_0031.jpg 1 57 42 31 31
0925_0033_0026_0052_0052.jpg 1 33 26 52 52
0926_0023_0037_0025_0025.jpg 1 23 37 25 25
0927_0019_0032_0028_0028.jpg 1 19 32 28 28
0928_0029_0039_0029_0029.jpg 1 29 39 29 29
0929_0024_0008_0062_0062.jpg 1 24 8 62 62
0930_0015_0024_0049_0049.jpg 1 15 24 49 49
0931_0011_0033_0040_0040.jpg 1 11 33 40 40
0932_0032_0026_0039_0039.jpg 1 32 26 39 39
0933_0036_0016_0030_0030.jpg 1 36 16 30 30
0934_0015_0026_0068_0068.jpg 1 15 26 68 68
0935_0017_0032_0033_0033.jpg 1 17 32 33 33
0936_0043_0034_0045_0045.jpg 1 43 34 45 45
0937_0039_0032_0056_0056.jpg 1 39 32 56 56
0938_0022_0015_0048_0048.jpg 1 22 15 48 48
0939_0020_0036_0039_0039.jpg 1 20 36 39 39
0940_0018_0009_0067_0067.jpg 1 18 9 67 67
0941_0056_0014_0028_0028.jpg 1 56 14 28 28
0942_0051_0016_0042_0042.jpg 1 51 16 42 42
0943_0020_0024_0064_0064.jpg 1 20 24 64 64
0944_0031_0058_0033_0033.jpg 1 31 58 33 33
0945_0009_0005_0064_0064.jpg 1 9 5 64 64
0946_0019_0032_0038_0038.jpg 1 19 32 38 38
0947_0019_0023_0067_0067.jpg 1 19 23 67 67
0948_0063_0031_0029_0029.jpg 1 63 31 29 29
0949_0021_0040_0054_0054.jpg 1 21 40 54 54
0950_0020_0020_0031_0031.jpg 1 20 20 31 31
0951_0007_0010_0046_0046.jpg 1 7 10 46 46
0952_0016_0016_0064_0064.jpg 1 16 16 64 64
0953_0037_0049_0026_0026.jpg 1 37 49 26 26
0954_0008_0031_0028_0028.jpg 1 8 31 28 28
0955_0063_0056_0029_0029.jpg 1 63 56 29 29
0956_0018_0045_0025_0025.jpg 1 18 45 25 25
0957_0037_0015_0055_0055.jpg 1 37 15 55 55
0958_0048_0030_0042_0042.jpg 1 48 30 42 42
0959_0030_0039_0035_0035.jpg 1 30 39 35 35
0960_0023_0013_0055_0055.jpg 1 23 13 55 55
0961_0008_0055_0024_0024.jpg 1 8 55 24 24
0962_0035_0034_0034_0034.jpg 1 35 34 34 34
0963_0021_0017_0051_0051.jpg 1 21 17 51 51
0964_0027_0026_0057_0057.jpg 1 27 26 57 57
0965_0035_0037_0054_0054.jpg 1 35 37 54 54
0966_0031_0026_0049_0049.jpg 1 31 26 49 49
0967_0055_0045_0033_0033.jpg 1 55 45 33 33
0968_0013_0050_0028_0028.jpg 1 13 50 28 28
0969_0049_0037_0043_0043.jpg 1 49 37 43 43
0970_0052_0043_0032_0032.jpg 1 52 43 32 32
0971_0014_0041_0052_0052.jpg 1 14 41 52 52
0972_0027_0019_0056_0056.jpg 1 27 19 56 56
0973_0035_0023_0037_0037.jpg 1 35 23 37 37
0974_0009_0030_0047_0047.jpg 1 9 30 47 47
0975_0027_0015_0053_0053.jpg 1 27 15 53 53
0976_0033_0021_0026_0026.jpg 1 33 21 26 26
0977_0038_0044_0034_0034.jpg 1 38 44 34 34
0978_0014_0019_0049_0049.jpg 1 14 19 49 49
0979_0021_0014_0057_0057.jpg 1 21 14 57 57
0980_0028_0032_0062_0062.jpg 1 28 32 62 62
0981_0010_0014_0064_0064.jpg 1 10 14 64 64
0982_0040_0033_0044_0044.jpg 1 40 33 44 44
0983_0032_0057_0028_0028.jpg 1 32 57 28 28
0984_0014_0008_0068_0068.jpg 1 14 8 68 68
0985_0020_0058_0025_0025.jpg 1 20 58 25 25
0986_0020_0042_0041_0041.jpg 1 20 42 41 41
0987_0041_0032_0033_0033.jpg 1 41 32 33 33
0988_0012_0012_0047_0047.jpg 1 12 12 47 47
0989_0048_0037_0040_0040.jpg 1 48 37 40 40
0990_0008_0019_0060_0060.jpg 1 8 19 60 60
0991_0029_0064_0025_0025.jpg 1 29 64 25 25
0992_0016_0019_0056_0056.jpg 1 16 19 56 56
0993_0045_0011_0045_0045.jpg 1 45 11 45 45
0994_0066_0056_0025_0025.jpg 1 66 56 25 25
0995_0039_0024_0042_0042.jpg 1 39 24 42 42
0996_0046_0023_0041_0041.jpg 1 46 23 41 41
0997_0010_0007_0048_0048.jpg 1 10 7 48 48
0998_0022_0015_0054_0054.jpg 1 22 15 54 54
0999_0056_0020_0036_0036.jpg 1 56 20 36 36
1000_0028_0014_0061_0061.jpg 1 28 14 61 61
1001_0029_0027_0066_0066.jpg 1 29 27 66 66
1002_0032_0005_0053_0053.jpg 1 32 5 53 53
1003_0060_0040_0031_0031.jpg 1 60 40 31 31
1004_0053_0046_0030_0030.jpg 1 53 46 30 30
1005_0037_0022_0053_0053.jpg 1 37 22 53 53
1006_0021_0057_0031_0031.jpg 1 21 57 31 31
1007_0019_0033_0047_0047.jpg 1 19 33 47 47
1008_0017_0007_0049_0049.jpg 1 17 7 49 49
1009_0009_0031_0027_0027.jpg 1 9 31 27 27
1010_0052_0013_0039_0039.jpg 1 52 13 39 39
1011_0014_0049_0042_0042.jpg 1 14 49 42 42
1012_0016_0013_0061_0061.jpg 1 16 13 61 61
1013_0048_0027_0028_0028.jpg 1 48 27 28 28
1014_0016_0021_0065_0065.jpg 1 16 21 65 65
1015_0055_0007_0038_0038.jpg 1 55 7 38 38
1016_0030_0028_0061_0061.jpg 1 30 28 61 61
1017_0007_0036_0040_0040.jpg 1 7 36 40 40
1018_0024_0037_0044_0044.jpg 1 24 37 44 44
1019_0046_0015_0044_0044.jpg 1 46 15 44 44
1020_0034_0048_0024_0024.jpg 1 34 48 24 24
1021_0012_0020_0054_0054.jpg 1 12 20 54 54
1022_0034_0035_0031_0031.jpg 1 34 35 31 31
1023_0007_0028_0065_0065.jpg 1 7 28 65 65
1024_0011_0036_0030_0030.jpg 1 11 36 30 30
1025_0013_0014_0058_0058.jpg 1 13 14 58 58
1026_0037_0036_0037_0037.jpg 1 37 36 37 37
1027_0019_0036_0041_0041.jpg 1 19 36 41 41
1028_0056_0042_0035_0035.jpg 1 56 42 35 35
1029_0014_0015_0060_0060.jpg 1 14 15 60 60
1030_0011_0035_0045_0045.jpg 1 11 35 45 45
1031_0018_0017_0069_0069.jpg 1 18 17 69 69
1032_0038_0039_0039_0039.jpg 1 38 39 39 39
1033_0039_0021_0027_0027.jpg 1 39 21 27 27
1034_0042_0020_0042_0042.jpg 1 42 20 42 42
1035_0028_0012_0062_0062.jpg 1 28 12 62 62
1036_0013_0005_0050_0050.jpg 1 13 5 50 50
1037_0010_0028_0065_0065.jpg 1 10 28 65 65
1038_0033_0012_0062_0062.jpg 1 33 12 62 62
1039_0020_0033_0058_0058.jpg 1 20 33 58 58
1040_0045_0033_0036_0036.jpg 1 45 33 36 36
1041_0020_0028_0052_0052.jpg 1 20 28 52 52
1042_0051_0021_0031_0031.jpg 1 51 21 31 31
1043_0029_0037_0036_0036.jpg 1 29 37 36 36
1044_0018_0043_0025_0025.jpg 1 18 43 25 25
1045_0018_0020_0033_0033.jpg 1 18 20 33 33
1046_0017_0013_0064_0064.jpg 1 17 13 64 64
1047_0058_0044_0028_0028.jpg 1 58 44 28 28
1048_0009_0009_0058_0058.jpg 1 9 9 58 58
1049_0020_0022_0069_0069.jpg 1 20 22 69 69
1050_0047_0063_0025_0025.jpg 1 47 63 25 25
1051_0006_0018_0067_0067.jpg 1 6 18 67 67
1052_0010_0011_0043_0043.jpg 1 10 11 43 43
1053_0011_0058_0024_0024.jpg 1 11 58 24 24
1054_0012_0030_0057_0057.jpg 1 12 30 57 57
1055_0017_0021_0046_0046.jpg 1 17 21 46 46
1056_0042_0027_0046_0046.jpg 1 42 27 46 46
1057_0018_0022_0029_0029.jpg 1 18 22 29 29
1058_0050_0013_0031_0031.jpg 1 50 13 31 31
1059_0046_0053_0032_0032.jpg 1 46 53 32 32
1060_0016_0047_0037_0037.jpg 1 16 47 37 37
1061_0016_0017_0068_0068.jpg 1 16 17 68 68
1062_0042_0034_0031_0031.jpg 1 42 34 31 31
1063_0008_0013_0047_0047.jpg 1 8 13 47 47
1064_0016_0007_0068_0068.jpg 1 16 7 68 68
1065_0041_0049_0041_0041.jpg 1 41 49 41 41
1066_0019_0022_0065_0065.jpg 1 19 22 65 65
1067_0025_0022_0035_0035.jpg 1 25 22 35 35
1068_0030_0008_0041_0041.jpg 1 30 8 41 41
1069_0017_0037_0051_0051.jpg 1 17 37 51 51
1070_0025_0041_0047_0047.jpg 1 25 41 47 47
1071_0010_0006_0042_0042.jpg 1 10 6 42 42
1072_0011_0028_0037_0037.jpg 1 11 28 37 37
1073_0028_0018_0051_0051.jpg 1 28 18 51 51
1074_0053_0009_0029_0029.jpg 1 53 9 29 29
1075_0008_0010_0067_0067.jpg 1 8 10 67 67
1076_0030_0017_0059_0059.jpg 1 30 17 59 59
1077_0035_0007_0055_0055.jpg 1 35 7 55 55
1078_0021_0012_0060_0060.jpg 1 21 12 60 60
1079_0012_0007_0046_0046.jpg 1 12 7 46 46
1080_0017_0049_0024_0024.jpg 1 17 49 24 24
1081_0016_0024_0064_0064.jpg 1 16 24 64 64
1082_0019_0014_0060_0060.jpg 1 19 14 60 60
1083_0020_0009_0061_0061.jpg 1 20 9 61 61
1084_0017_0030_0038_0038.jpg 1 17 30 38 38
1085_0038_0024_0041_0041.jpg 1 38 24 41 41
1086_0021_0028_0064_0064.jpg 1 21 28 64 64
1087_0013_0049_0035_0035.jpg 1 13 49 35 35
1088_0040_0008_0044_0044.jpg 1 40 8 44 44
1089_0032_0018_0033_0033.jpg 1 32 18 33 33
1090_0049_0019_0024_0024.jpg 1 49 19 24 24
1091_0006_0047_0043_0043.jpg 1 6 47 43 43
1092_0034_0031_0051_0051.jpg 1 34 31 51 51
1093_0008_0034_0045_0045.jpg 1 8 34 45 45
1094_0022_0012_0041_0041.jpg 1 22 12 41 41
1095_0038_0030_0053_0053.jpg 1 38 30 53 53
1096_0024_0006_0064_0064.jpg 1 24 6 64 64
1097_0027_0031_0064_0064.jpg 1 27 31 64 64
1098_0019_0004_0053_0053.jpg 1 19 4 53 53
1099_0024_0022_0068_0068.jpg 1 24 22 68 68
1100_0003_0018_0068_0068.jpg 1 3 18 68 68
1101_0058_0026_0024_0024.jpg 1 58 26 24 24
1102_0033_0022_0056_0056.jpg 1 33 22 56 56
1103_0036_0029_0030_0030.jpg 1 36 29 30 30
1104_0010_0030_0055_0055.jpg 1 10 30 55 55
1105_0044_0051_0025_0025.jpg 1 44 51 25 25
1106_0016_0027_0063_0063.jpg 1 16 27 63 63
1107_0008_0026_0055_0055.jpg 1 8 26 55 55
1108_0013_0040_0051_0051.jpg 1 13 40 51 51
1109_0030_0038_0056_0056.jpg 1 30 38 56 56
1110_0012_0016_0041_0041.jpg 1 12 16 41 41
1111_0010_0023_0068_0068.jpg 1 10 23 68 68
1112_0032_0045_0049_0049.jpg 1 32 45 49 49
1113_0015_0012_0043_0043.jpg 1 15 12 43 43
1114_0040_0023_0049_0049.jpg 1 40 23 49 49
1115_0012_0024_0069_0069.jpg 1 12 24 69 69
1116_0012_0013_0053_0053.jpg 1 12 13 53 53
1117_0030_0015_0066_0066.jpg 1 30 15 66 66
1118_0027_0018_0067_0067.jpg 1 27 18 67 67
1119_0017_0026_0067_0067.jpg 1 17 26 67 67
1120_0023_0008_0065_0065.jpg 1 23 8 65 65
1121_0046_0046_0030_0030.jpg 1 46 46 30 30
1122_0051_0011_0028_0028.jpg 1 51 11 28 28
1123_0035_0018_0059_0059.jpg 1 35 18 59 59
1124_0017_0025_0051_0051.jpg 1 17 25 51 51
1125_0031_0026_0063_0063.jpg 1 31 26 63 63
1126_0017_0006_0042_0042.jpg 1 17 6 42 42
1127_0020_0045_0048_0048.jpg 1 20 45 48 48
1128_0016_0010_0063_0063.jpg 1 16 10 63 63
1129_0030_0023_0035_0035.jpg 1 30 23 35 35
1130_0015_0024_0052_0052.jpg 1 15 24 52 52
1131_0018_0010_0060_0060.jpg 1 18 10 60 60
1132_0034_0038_0042_0042.jpg 1 34 38 42 42
1133_0021_0023_0063_0063.jpg 1 21 23 63 63
1134_0025_0021_0043_0043.jpg 1 25 21 43 43
1135_0010_0020_0056_0056.jpg 1 10 20 56 56
1136_0028_0013_0063_0063.jpg 1 28 13 63 63
1137_0004_0008_0069_0069.jpg 1 4 8 69 69
1138_0019_0064_0026_0026.jpg 1 19 64 26 26
1139_0065_0054_0025_0025.jpg 1 65 54 25 25
